<?xml version="1.0" encoding="UTF-8"?>
<!-- Generated by org.testng.reporters.JUnitReportReporter -->
<testsuite hostname="DeepaaDeepak" failures="0" tests="14" name="checkout1.CheckoutItems" time="69.498" errors="0" timestamp="2025-02-22T17:42:35 CST" skipped="0">
  <testcase classname="checkout1.CheckoutItems" name="loginTest1" time="1.778"/>
  <testcase classname="checkout1.CheckoutItems" name="setlogin" time="3.648"/>
  <testcase classname="checkout1.CheckoutItems" name="backpack" time="4.352"/>
  <testcase classname="checkout1.CheckoutItems" name="addtocartbpack" time="3.096"/>
  <testcase classname="checkout1.CheckoutItems" name="backprod" time="3.142"/>
  <testcase classname="checkout1.CheckoutItems" name="bikelight" time="5.126"/>
  <testcase classname="checkout1.CheckoutItems" name="addtocartlight" time="3.086"/>
  <testcase classname="checkout1.CheckoutItems" name="backprodl" time="4.095"/>
  <testcase classname="checkout1.CheckoutItems" name="boltTshirt" time="11.206"/>
  <testcase classname="checkout1.CheckoutItems" name="backprod2" time="0.087"/>
  <testcase classname="checkout1.CheckoutItems" name="redTshirt" time="11.198"/>
  <testcase classname="checkout1.CheckoutItems" name="cartIcon" time="3.074"/>
  <testcase classname="checkout1.CheckoutItems" name="checkout" time="3.120"/>
  <testcase classname="checkout1.CheckoutItems" name="checkoutInfo" time="12.490"/>
</testsuite> <!-- checkout1.CheckoutItems -->
