<?xml version="1.0" encoding="UTF-8"?>
<!-- Generated by org.testng.reporters.JUnitReportReporter -->
<testsuite hostname="DeepaaDeepak" failures="0" tests="11" name="login1.Products_Cart_Items" time="50.826" errors="0" timestamp="2025-02-22T17:42:35 CST" skipped="0">
  <testcase classname="login1.Products_Cart_Items" name="setlogin" time="3.555"/>
  <testcase classname="login1.Products_Cart_Items" name="loginTest1" time="1.870"/>
  <testcase classname="login1.Products_Cart_Items" name="backpack" time="4.280"/>
  <testcase classname="login1.Products_Cart_Items" name="addtocartbpack" time="3.097"/>
  <testcase classname="login1.Products_Cart_Items" name="backprod" time="3.120"/>
  <testcase classname="login1.Products_Cart_Items" name="bikelight" time="5.122"/>
  <testcase classname="login1.Products_Cart_Items" name="addtocartlight" time="3.097"/>
  <testcase classname="login1.Products_Cart_Items" name="backprodl" time="4.115"/>
  <testcase classname="login1.Products_Cart_Items" name="boltTshirt" time="11.219"/>
  <testcase classname="login1.Products_Cart_Items" name="backprod2" time="0.094"/>
  <testcase classname="login1.Products_Cart_Items" name="redTshirt" time="11.257"/>
</testsuite> <!-- login1.Products_Cart_Items -->
