<?xml version="1.0" encoding="UTF-8"?>
<!-- Generated by org.testng.reporters.JUnitReportReporter -->
<testsuite hostname="DeepaaDeepak" failures="0" tests="2" name="login1.LoginValid1" time="5.605" errors="0" timestamp="2025-02-22T17:42:35 CST" skipped="0">
  <testcase classname="login1.LoginValid1" name="setlogin" time="3.536"/>
  <testcase classname="login1.LoginValid1" name="loginTest1" time="2.069"/>
</testsuite> <!-- login1.LoginValid1 -->
