<?xml version="1.0" encoding="UTF-8"?>
<!-- Generated by org.testng.reporters.JUnitReportReporter -->
<testsuite hostname="DeepaaDeepak" failures="0" tests="1" name="demo1.UrlTest" time="7.044" errors="0" timestamp="2025-02-22T17:42:35 CST" skipped="0">
  <testcase classname="demo1.UrlTest" name="testurl" time="7.044"/>
</testsuite> <!-- demo1.UrlTest -->
